<?xml version="1.0" encoding="UTF-8"?>
<!-- Generated by org.testng.reporters.JUnitReportReporter -->
<testsuite hostname="Intel" name="com.example.tests.AddContactTests" tests="1" failures="0" timestamp="19 Feb 2015 14:48:02 GMT" time="2.345" errors="0">
  <testcase name="testNonEmptyCreationsContact" time="2.345" classname="com.example.tests.AddContactTests"/>
</testsuite> <!-- com.example.tests.AddContactTests -->
