<?xml version="1.0" encoding="UTF-8"?>
<!-- Generated by org.testng.reporters.JUnitReportReporter -->
<testsuite hostname="Intel" name="com.example.tests.AddGroupTests" tests="2" failures="0" timestamp="25 Feb 2015 12:49:39 GMT" time="1.362" errors="0">
  <testcase name="testNoEmptyGroupCreation" time="0.741" classname="com.example.tests.AddGroupTests"/>
  <testcase name="testEmptyGroupCreation" time="0.621" classname="com.example.tests.AddGroupTests"/>
</testsuite> <!-- com.example.tests.AddGroupTests -->
